SF:lib/src/expansion_tile_extension.dart
DA:4,2
DA:35,2
DA:36,1
DA:37,1
DA:38,1
DA:39,1
DA:40,1
DA:41,2
DA:42,1
DA:43,1
DA:44,1
DA:45,1
DA:47,1
DA:48,1
DA:49,1
DA:51,1
DA:52,1
DA:53,1
DA:54,1
DA:55,1
DA:56,1
DA:57,1
DA:58,1
DA:59,1
DA:60,1
DA:61,2
DA:62,2
DA:63,2
DA:64,2
DA:66,2
DA:67,2
LF:31
LH:31
end_of_record
SF:lib/src/expansion_tile_list.dart
DA:25,0
DA:26,0
DA:29,1
DA:30,2
DA:54,1
DA:64,2
DA:67,2
DA:68,0
DA:69,0
DA:70,0
DA:71,0
DA:72,0
DA:79,1
DA:87,1
DA:99,0
DA:107,0
DA:144,0
DA:145,0
DA:146,0
DA:147,0
DA:148,0
DA:149,0
DA:150,0
DA:151,0
DA:152,0
DA:159,1
DA:160,1
DA:174,1
DA:176,1
DA:177,2
DA:178,1
DA:179,3
DA:180,4
DA:181,2
DA:184,0
DA:186,0
DA:187,0
DA:190,1
DA:192,1
DA:199,1
DA:201,2
DA:202,2
DA:203,1
DA:210,1
DA:212,1
DA:213,2
DA:221,1
DA:222,5
DA:223,1
DA:224,1
DA:225,2
DA:226,2
DA:227,8
DA:228,0
DA:239,1
DA:240,1
DA:241,3
DA:242,1
DA:243,0
DA:244,0
DA:245,0
DA:246,4
DA:247,1
DA:248,4
DA:249,1
DA:250,1
DA:251,4
DA:252,3
DA:253,1
DA:255,2
DA:256,2
DA:267,1
DA:271,1
DA:272,3
DA:273,0
DA:274,0
DA:275,0
DA:276,0
DA:279,0
DA:289,1
DA:290,4
DA:293,4
DA:295,4
DA:298,0
DA:309,1
DA:311,6
DA:313,1
DA:314,0
DA:316,1
DA:340,1
DA:344,0
DA:345,0
DA:346,0
DA:347,0
DA:356,0
DA:357,0
DA:358,0
DA:359,0
DA:369,0
DA:370,0
DA:371,0
DA:372,0
DA:382,1
DA:383,1
DA:384,2
DA:390,1
DA:391,1
DA:392,2
DA:398,1
DA:399,1
DA:400,2
DA:416,0
DA:418,0
DA:419,0
DA:438,0
DA:440,0
DA:442,0
DA:444,0
DA:445,0
DA:448,0
DA:453,0
DA:459,0
DA:468,0
LF:123
LH:67
end_of_record
